build/app/outputs/mapping/release/seeds.txt
com.bhaithamen.app.MainActivity
com.bhaithamen.app.MainActivity: MainActivity()
com.bhaithamen.app.R$anim: int abc_fade_in
com.bhaithamen.app.R$anim: int abc_fade_out
com.bhaithamen.app.R$anim: int abc_grow_fade_in_from_bottom
com.bhaithamen.app.R$anim: int abc_popup_enter
com.bhaithamen.app.R$anim: int abc_popup_exit
com.bhaithamen.app.R$anim: int abc_shrink_fade_out_from_bottom
com.bhaithamen.app.R$anim: int abc_slide_in_bottom
com.bhaithamen.app.R$anim: int abc_slide_in_top
com.bhaithamen.app.R$anim: int abc_slide_out_bottom
com.bhaithamen.app.R$anim: int abc_slide_out_top
com.bhaithamen.app.R$anim: int abc_tooltip_enter
com.bhaithamen.app.R$anim: int abc_tooltip_exit
com.bhaithamen.app.R$anim: int btn_checkbox_to_checked_box_inner_merged_animation
com.bhaithamen.app.R$anim: int btn_checkbox_to_checked_box_outer_merged_animation
com.bhaithamen.app.R$anim: int btn_checkbox_to_checked_icon_null_animation
com.bhaithamen.app.R$anim: int btn_checkbox_to_unchecked_box_inner_merged_animation
com.bhaithamen.app.R$anim: int btn_checkbox_to_unchecked_check_path_merged_animation
com.bhaithamen.app.R$anim: int btn_checkbox_to_unchecked_icon_null_animation
com.bhaithamen.app.R$anim: int btn_radio_to_off_mtrl_dot_group_animation
com.bhaithamen.app.R$anim: int btn_radio_to_off_mtrl_ring_outer_animation
com.bhaithamen.app.R$anim: int btn_radio_to_off_mtrl_ring_outer_path_animation
com.bhaithamen.app.R$anim: int btn_radio_to_on_mtrl_dot_group_animation
com.bhaithamen.app.R$anim: int btn_radio_to_on_mtrl_ring_outer_animation
com.bhaithamen.app.R$attr: int actionBarDivider
com.bhaithamen.app.R$attr: int actionBarItemBackground
com.bhaithamen.app.R$attr: int actionBarPopupTheme
com.bhaithamen.app.R$attr: int actionBarSize
com.bhaithamen.app.R$attr: int actionBarSplitStyle
com.bhaithamen.app.R$attr: int actionBarStyle
com.bhaithamen.app.R$attr: int actionBarTabBarStyle
com.bhaithamen.app.R$attr: int actionBarTabStyle
com.bhaithamen.app.R$attr: int actionBarTabTextStyle
com.bhaithamen.app.R$attr: int actionBarTheme
com.bhaithamen.app.R$attr: int actionBarWidgetTheme
com.bhaithamen.app.R$attr: int actionButtonStyle
com.bhaithamen.app.R$attr: int actionDropDownStyle
com.bhaithamen.app.R$attr: int actionLayout
com.bhaithamen.app.R$attr: int actionMenuTextAppearance
com.bhaithamen.app.R$attr: int actionMenuTextColor
com.bhaithamen.app.R$attr: int actionModeBackground
com.bhaithamen.app.R$attr: int actionModeCloseButtonStyle
com.bhaithamen.app.R$attr: int actionModeCloseDrawable
com.bhaithamen.app.R$attr: int actionModeCopyDrawable
com.bhaithamen.app.R$attr: int actionModeCutDrawable
com.bhaithamen.app.R$attr: int actionModeFindDrawable
com.bhaithamen.app.R$attr: int actionModePasteDrawable
com.bhaithamen.app.R$attr: int actionModePopupWindowStyle
com.bhaithamen.app.R$attr: int actionModeSelectAllDrawable
com.bhaithamen.app.R$attr: int actionModeShareDrawable
com.bhaithamen.app.R$attr: int actionModeSplitBackground
com.bhaithamen.app.R$attr: int actionModeStyle
com.bhaithamen.app.R$bool: int abc_action_bar_embed_tabs
com.bhaithamen.app.R$bool: int abc_allow_stacked_button_bar
com.bhaithamen.app.R$bool: int abc_config_actionMenuItemAllCaps
...
ch.qos.logback.classic.joran.action.LoggerContextListenerAction
ch.qos.logback.classic.joran.action.LoggerContextListenerAction: boolean inError
ch.qos.logback.classic.joran.action.LoggerContextListenerAction: ch.qos.logback.classic.spi.LoggerContextListener lcl
ch.qos.logback.classic.joran.action.LoggerContextListenerAction: LoggerContextListenerAction()
ch.qos.logback.classic.joran.action.LoggerContextListenerAction: void begin(ch.qos.logback.core.joran.spi.InterpretationContext,java.lang.String,org.xml.sax.Attributes)
ch.qos.logback.classic.joran.action.LoggerContextListenerAction: void end(ch.qos.logback.core.joran.spi.InterpretationContext,java.lang.String)
ch.qos.logback.classic.joran.action.ReceiverAction
ch.qos.logback.classic.joran.action.ReceiverAction: ch.qos.logback.classic.net.ReceiverBase receiver
ch.qos.logback.classic.joran.action.ReceiverAction: boolean inError
ch.qos.logback.classic.joran.action.ReceiverAction: ReceiverAction()
ch.qos.logback.classic.joran.action.ReceiverAction: void begin(ch.qos.logback.core.joran.spi.InterpretationContext,java.lang.String,org.xml.sax.Attributes)
ch.qos.logback.classic.joran.action.ReceiverAction: void end(ch.qos.logback.core.joran.spi.InterpretationContext,java.lang.String)
ch.qos.logback.classic.joran.action.RootLoggerAction
ch.qos.logback.classic.joran.action.RootLoggerAction: ch.qos.logback.classic.Logger root
ch.qos.logback.classic.joran.action.RootLoggerAction: boolean inError
ch.qos.logback.classic.joran.action.RootLoggerAction: RootLoggerAction()
ch.qos.logback.classic.joran.action.RootLoggerAction: void begin(ch.qos.logback.core.joran.spi.InterpretationContext,java.lang.String,org.xml.sax.Attributes)
ch.qos.logback.classic.joran.action.RootLoggerAction: void end(ch.qos.logback.core.joran.spi.InterpretationContext,java.lang.String)
ch.qos.logback.classic.joran.action.RootLoggerAction: void finish(ch.qos.logback.core.joran.spi.InterpretationContext)
ch.qos.logback.classic.jul.JULHelper
ch.qos.logback.classic.jul.JULHelper: JULHelper()
ch.qos.logback.classic.jul.JULHelper: boolean isRegularNonRootLogger(java.util.logging.Logger)
ch.qos.logback.classic.jul.JULHelper: boolean isRoot(java.util.logging.Logger)
ch.qos.logback.classic.jul.JULHelper: java.util.logging.Level asJULLevel(ch.qos.logback.classic.Level)
ch.qos.logback.classic.jul.JULHelper: java.lang.String asJULLoggerName(java.lang.String)
ch.qos.logback.classic.jul.JULHelper: java.util.logging.Logger asJULLogger(java.lang.String)
ch.qos.logback.classic.jul.JULHelper: java.util.logging.Logger asJULLogger(ch.qos.logback.classic.Logger)
ch.qos.logback.classic.jul.LevelChangePropagator
ch.qos.logback.classic.jul.LevelChangePropagator: java.util.Set julLoggerSet
ch.qos.logback.classic.jul.LevelChangePropagator: boolean isStarted
ch.qos.logback.classic.jul.LevelChangePropagator: boolean resetJUL
ch.qos.logback.classic.jul.LevelChangePropagator: LevelChangePropagator()
ch.qos.logback.classic.jul.LevelChangePropagator: void setResetJUL(boolean)
ch.qos.logback.classic.jul.LevelChangePropagator: boolean isResetResistant()
ch.qos.logback.classic.jul.LevelChangePropagator: void onStart(ch.qos.logback.classic.LoggerContext)
ch.qos.logback.classic.jul.LevelChangePropagator: void onReset(ch.qos.logback.classic.LoggerContext)
ch.qos.logback.classic.jul.LevelChangePropagator: void onStop(ch.qos.logback.classic.LoggerContext)
ch.qos.logback.classic.jul.LevelChangePropagator: void onLevelChange(ch.qos.logback.classic.Logger,ch.qos.logback.classic.Level)
ch.qos.logback.classic.jul.LevelChangePropagator: void propagate(ch.qos.logback.classic.Logger,ch.qos.logback.classic.Level)
ch.qos.logback.classic.jul.LevelChangePropagator: void resetJULLevels()
ch.qos.logback.classic.jul.LevelChangePropagator: void propagateExistingLoggerLevels()
ch.qos.logback.classic.jul.LevelChangePropagator: void start()
ch.qos.logback.classic.jul.LevelChangePropagator: void stop()
ch.qos.logback.classic.jul.LevelChangePropagator: boolean isStarted()