build/app/outputs/mapping/release/usage.txt
com.bhaithamen.app.BuildConfig
com.bhaithamen.app.R
com.bhaithamen.app.R$anim
com.bhaithamen.app.R$attr
com.bhaithamen.app.R$bool
com.bhaithamen.app.R$color
com.bhaithamen.app.R$dimen
com.bhaithamen.app.R$drawable
com.bhaithamen.app.R$id
com.bhaithamen.app.R$integer
com.bhaithamen.app.R$interpolator
com.bhaithamen.app.R$layout
com.bhaithamen.app.R$menu
com.bhaithamen.app.R$raw
com.bhaithamen.app.R$string
com.bhaithamen.app.R$style
com.bhaithamen.app.R$styleable
com.bhaithamen.app.R$xml
...
com.google.android.gms.internal.firebase_auth.zzjx
com.google.android.gms.internal.firebase_auth.zzjy
com.google.android.gms.internal.firebase_auth.zzjz
com.google.android.gms.internal.firebase_auth.zzka
com.google.android.gms.internal.firebase_auth.zzkb
com.google.android.gms.internal.firebase_auth.zzkc
com.google.android.gms.internal.firebase_auth.zzkd
com.google.android.gms.internal.firebase_auth.zzke
com.google.android.gms.internal.firebase_auth.zzkf
com.google.android.gms.internal.firebase_auth.zzkg
com.google.android.gms.internal.firebase_auth.zzkh
com.google.android.gms.internal.firebase_auth.zzki
com.google.android.gms.internal.firebase_auth.zzkj
com.google.android.gms.internal.firebase_auth.zzkk
com.google.android.gms.internal.firebase_auth.zzkl
com.google.android.gms.internal.firebase_auth.zzkm
com.google.android.gms.internal.firebase_auth.zzkn
com.google.android.gms.internal.firebase_auth.zzko
com.google.android.gms.internal.firebase_auth.zzkp
com.google.android.gms.internal.firebase_auth.zzkq
com.google.android.gms.internal.firebase_auth.zzkr
com.google.android.gms.internal.firebase_auth.zzks
com.google.android.gms.internal.firebase_auth.zzkt
com.google.android.gms.internal.firebase_auth.zzku
com.google.android.gms.internal.firebase_auth.zzkv
com.google.android.gms.internal.firebase_auth.zzkw
com.google.android.gms.internal.firebase_auth.zzkw$zza
com.google.android.gms.internal.firebase_auth.zzkx
com.google.android.gms.internal.firebase_auth.zzky
com.google.android.gms.internal.firebase_auth.zzkz
com.google.android.gms.internal.firebase_auth.zzl
com.google.android.gms.internal.firebase_auth.zzl$zza
com.google.android.gms.internal.firebase_auth.zzla
com.google.android.gms.internal.firebase_auth.zzlb
com.google.android.gms.internal.firebase_auth.zzlc
com.google.android.gms.internal.firebase_auth.zzld
com.google.android.gms.internal.firebase_auth.zzle
com.google.android.gms.internal.firebase_auth.zzlf
com.google.android.gms.internal.firebase_auth.zzlf$zza
com.google.android.gms.internal.firebase_auth.zzlf$zzb
com.google.android.gms.internal.firebase_auth.zzlf$zzc
com.google.android.gms.internal.firebase_auth.zzlf$zzd
com.google.android.gms.internal.firebase_auth.zzlg
com.google.android.gms.internal.firebase_auth.zzlh
com.google.android.gms.internal.firebase_auth.zzli
com.google.android.gms.internal.firebase_auth.zzlj
com.google.android.gms.internal.firebase_auth.zzlk
com.google.android.gms.internal.firebase_auth.zzll
com.google.android.gms.internal.firebase_auth.zzlm
com.google.android.gms.internal.firebase_auth.zzln
com.google.android.gms.internal.firebase_auth.zzlo
com.google.android.gms.internal.firebase_auth.zzlp
com.google.android.gms.internal.firebase_auth.zzlq
com.google.android.gms.internal.firebase_auth.zzlr
com.google.android.gms.internal.firebase_auth.zzls
com.google.android.gms.internal.firebase_auth.zzlt
com.google.android.gms.internal.firebase_auth.zzlu
com.google.android.gms.internal.firebase_auth.zzlv
com.google.android.gms.internal.firebase_auth.zzlv$zza
com.google.android.gms.internal.firebase_auth.zzlv$zza$zza
com.google.android.gms.internal.firebase_auth.zzlv$zzb
com.google.android.gms.internal.firebase_auth.zzlv$zzb$zza
com.google.android.gms.internal.firebase_auth.zzlw
com.google.android.gms.internal.firebase_auth.zzlx
com.google.android.gms.internal.firebase_auth.zzn
com.google.android.gms.internal.firebase_auth.zzo
com.google.android.gms.internal.firebase_auth.zzp
com.google.android.gms.internal.firebase_auth.zzp$zza
com.google.android.gms.internal.firebase_auth.zzp$zza$zza
com.google.android.gms.internal.firebase_auth.zzp$zzb
com.google.android.gms.internal.firebase_auth.zzp$zzb$zza
com.google.android.gms.internal.firebase_auth.zzp$zzc
com.google.android.gms.internal.firebase_auth.zzp$zzc$zza
com.google.android.gms.internal.firebase_auth.zzp$zzd
com.google.android.gms.internal.firebase_auth.zzp$zzd$zza
com.google.android.gms.internal.firebase_auth.zzp$zze